Detecting C compiler ABI info failed to compile with the following output:
Change Dir: C:/Users/mahdi/Desktop/New folder/3-2-Modes/Artificial Intelligence/untitled/cmake-build-debug-mingw/CMakeFiles/CMakeTmp

Run Build Command(s):C:/PROGRA~1/CMake/bin/cmake.exe cmTC_63da5/fast && CMake Error: The source directory "C:/Users/mahdi/Desktop/New folder/3-2-Modes/Artificial Intelligence/untitled/cmake-build-debug-mingw/CMakeFiles/CMakeTmp/cmTC_63da5/fast" does not exist.
Specify --help for usage, or press the help button on the CMake GUI.




Determining if the C compiler works failed with the following output:
Change Dir: C:/Users/mahdi/Desktop/New folder/3-2-Modes/Artificial Intelligence/untitled/cmake-build-debug-mingw/CMakeFiles/CMakeTmp

Run Build Command(s):C:/PROGRA~1/CMake/bin/cmake.exe cmTC_8728e/fast && CMake Error: The source directory "C:/Users/mahdi/Desktop/New folder/3-2-Modes/Artificial Intelligence/untitled/cmake-build-debug-mingw/CMakeFiles/CMakeTmp/cmTC_8728e/fast" does not exist.
Specify --help for usage, or press the help button on the CMake GUI.



Detecting C compiler ABI info failed to compile with the following output:
Change Dir: C:/Users/mahdi/Desktop/New folder/3-2-Modes/Artificial Intelligence/untitled/cmake-build-debug-mingw/CMakeFiles/CMakeTmp

Run Build Command(s):C:/PROGRA~1/CMake/bin/cmake.exe cmTC_f834b/fast && CMake Error: The source directory "C:/Users/mahdi/Desktop/New folder/3-2-Modes/Artificial Intelligence/untitled/cmake-build-debug-mingw/CMakeFiles/CMakeTmp/cmTC_f834b/fast" does not exist.
Specify --help for usage, or press the help button on the CMake GUI.




Determining if the C compiler works failed with the following output:
Change Dir: C:/Users/mahdi/Desktop/New folder/3-2-Modes/Artificial Intelligence/untitled/cmake-build-debug-mingw/CMakeFiles/CMakeTmp

Run Build Command(s):C:/PROGRA~1/CMake/bin/cmake.exe cmTC_c3905/fast && CMake Error: The source directory "C:/Users/mahdi/Desktop/New folder/3-2-Modes/Artificial Intelligence/untitled/cmake-build-debug-mingw/CMakeFiles/CMakeTmp/cmTC_c3905/fast" does not exist.
Specify --help for usage, or press the help button on the CMake GUI.



Detecting C compiler ABI info failed to compile with the following output:
Change Dir: C:/Users/mahdi/Desktop/New folder/3-2-Modes/Artificial Intelligence/untitled/cmake-build-debug-mingw/CMakeFiles/CMakeTmp

Run Build Command(s):C:/PROGRA~1/CMake/bin/cmake.exe cmTC_3a6ac/fast && CMake Error: The source directory "C:/Users/mahdi/Desktop/New folder/3-2-Modes/Artificial Intelligence/untitled/cmake-build-debug-mingw/CMakeFiles/CMakeTmp/cmTC_3a6ac/fast" does not exist.
Specify --help for usage, or press the help button on the CMake GUI.




Determining if the C compiler works failed with the following output:
Change Dir: C:/Users/mahdi/Desktop/New folder/3-2-Modes/Artificial Intelligence/untitled/cmake-build-debug-mingw/CMakeFiles/CMakeTmp

Run Build Command(s):C:/PROGRA~1/CMake/bin/cmake.exe cmTC_11071/fast && CMake Error: The source directory "C:/Users/mahdi/Desktop/New folder/3-2-Modes/Artificial Intelligence/untitled/cmake-build-debug-mingw/CMakeFiles/CMakeTmp/cmTC_11071/fast" does not exist.
Specify --help for usage, or press the help button on the CMake GUI.



Detecting C compiler ABI info failed to compile with the following output:
Change Dir: C:/Users/mahdi/Desktop/New folder/3-2-Modes/Artificial Intelligence/untitled/cmake-build-debug-mingw/CMakeFiles/CMakeTmp

Run Build Command(s):C:/PROGRA~1/CMake/bin/cmake.exe cmTC_1f17e/fast && CMake Error: The source directory "C:/Users/mahdi/Desktop/New folder/3-2-Modes/Artificial Intelligence/untitled/cmake-build-debug-mingw/CMakeFiles/CMakeTmp/cmTC_1f17e/fast" does not exist.
Specify --help for usage, or press the help button on the CMake GUI.




Determining if the C compiler works failed with the following output:
Change Dir: C:/Users/mahdi/Desktop/New folder/3-2-Modes/Artificial Intelligence/untitled/cmake-build-debug-mingw/CMakeFiles/CMakeTmp

Run Build Command(s):C:/PROGRA~1/CMake/bin/cmake.exe cmTC_d8d7e/fast && CMake Error: The source directory "C:/Users/mahdi/Desktop/New folder/3-2-Modes/Artificial Intelligence/untitled/cmake-build-debug-mingw/CMakeFiles/CMakeTmp/cmTC_d8d7e/fast" does not exist.
Specify --help for usage, or press the help button on the CMake GUI.



